
02/14/2025 04:56:12 PM: INFO: *************Test_001_Login*************
02/14/2025 04:56:12 PM: INFO: *************Verifying Home Page Title*************
02/14/2025 04:56:12 PM: INFO: *************Verifying login test*************
02/14/2025 04:56:19 PM: INFO: *************Home page title test passed*************
02/14/2025 04:56:21 PM: INFO: *************Login test passed*************
02/14/2025 04:57:30 PM: INFO: *************Verifying login test*************
02/14/2025 04:57:30 PM: INFO: *************Test_001_Login*************
02/14/2025 04:57:30 PM: INFO: *************Verifying Home Page Title*************
02/14/2025 04:57:38 PM: INFO: *************Login test passed*************
02/14/2025 04:57:38 PM: INFO: *************Home page title test passed*************
02/14/2025 05:03:01 PM: INFO: *************Verifying login test*************
02/14/2025 05:03:01 PM: INFO: *************Test_001_Login*************
02/14/2025 05:03:01 PM: INFO: *************Verifying Home Page Title*************
02/14/2025 05:03:06 PM: INFO: *************Home page title test passed*************
02/14/2025 05:03:06 PM: INFO: *************Login test passed*************
02/14/2025 05:04:20 PM: INFO: *************Verifying login test*************
02/14/2025 05:04:20 PM: INFO: *************Test_001_Login*************
02/14/2025 05:04:20 PM: INFO: *************Verifying Home Page Title*************
02/14/2025 05:04:26 PM: INFO: *************Login test passed*************
02/14/2025 05:04:26 PM: INFO: *************Home page title test passed*************
02/14/2025 05:05:33 PM: INFO: *************Test_001_Login*************
02/14/2025 05:05:33 PM: INFO: *************Verifying Home Page Title*************
02/14/2025 05:05:33 PM: INFO: *************Verifying login test*************
02/14/2025 05:05:40 PM: INFO: *************Home page title test passed*************
02/14/2025 05:05:40 PM: INFO: *************Login test passed*************
02/14/2025 05:07:27 PM: INFO: *************Verifying login test*************
02/14/2025 05:07:27 PM: INFO: *************Test_001_Login*************
02/14/2025 05:07:27 PM: INFO: *************Verifying Home Page Title*************
02/14/2025 05:07:32 PM: INFO: *************Home page title test passed*************
02/14/2025 05:07:33 PM: INFO: *************Login test passed*************
02/14/2025 05:08:59 PM: INFO: *************Test_001_Login*************
02/14/2025 05:08:59 PM: INFO: *************Verifying Home Page Title*************
02/14/2025 05:09:02 PM: INFO: *************Home page title test passed*************
02/14/2025 05:09:04 PM: INFO: *************Verifying login test*************
02/14/2025 05:09:07 PM: INFO: *************Login test passed*************
02/14/2025 05:10:47 PM: INFO: *************Test_001_Login*************
02/14/2025 05:10:47 PM: INFO: *************Verifying Home Page Title*************
02/14/2025 05:10:50 PM: INFO: *************Home page title test passed*************
02/14/2025 05:10:52 PM: INFO: *************Verifying login test*************
02/14/2025 05:10:55 PM: INFO: *************Login test passed*************
02/14/2025 05:14:17 PM: INFO: *************Test_001_Login*************
02/14/2025 05:14:17 PM: INFO: *************Verifying Home Page Title*************
02/14/2025 05:14:21 PM: INFO: *************Home page title test passed*************
02/14/2025 05:14:23 PM: INFO: *************Verifying login test*************
02/14/2025 05:14:26 PM: INFO: *************Login test passed*************
02/14/2025 05:16:25 PM: INFO: *************Test_001_Login*************
02/14/2025 05:16:25 PM: INFO: *************Verifying Home Page Title*************
02/14/2025 05:16:27 PM: INFO: *************Verifying login test*************
02/14/2025 05:16:29 PM: INFO: *************Home page title test passed*************
02/14/2025 05:16:31 PM: INFO: *************Login test passed*************
